0 info it worked if it ends with ok
1 verbose cli [ '/usr/local/bin/node',
1 verbose cli   '/usr/local/bin/npm',
1 verbose cli   'install',
1 verbose cli   'angular-markdown-filter',
1 verbose cli   '-D' ]
2 info using npm@3.3.12
3 info using node@v5.1.0
4 silly loadCurrentTree Starting
5 silly install loadCurrentTree
6 silly install readLocalPackageData
7 silly fetchPackageMetaData angular-markdown-filter
8 silly fetchNamedPackageData angular-markdown-filter
9 silly mapToRegistry name angular-markdown-filter
10 silly mapToRegistry using default registry
11 silly mapToRegistry registry https://registry.npmjs.org/
12 silly mapToRegistry uri https://registry.npmjs.org/angular-markdown-filter
13 verbose request uri https://registry.npmjs.org/angular-markdown-filter
14 verbose request no auth needed
15 info attempt registry request try #1 at 3:58:55 PM
16 verbose request id 77aff668266cf81e
17 http request GET https://registry.npmjs.org/angular-markdown-filter
18 http 200 https://registry.npmjs.org/angular-markdown-filter
19 verbose headers { server: 'CouchDB/1.5.0 (Erlang OTP/R16B03)',
19 verbose headers   etag: '"3QIPJMASVDB0PK2YYXNENB7PY"',
19 verbose headers   'content-type': 'application/json',
19 verbose headers   'cache-control': 'max-age=300',
19 verbose headers   'content-length': '5995',
19 verbose headers   'accept-ranges': 'bytes',
19 verbose headers   date: 'Sat, 05 Mar 2016 14:58:56 GMT',
19 verbose headers   via: '1.1 varnish',
19 verbose headers   age: '0',
19 verbose headers   connection: 'keep-alive',
19 verbose headers   'x-served-by': 'cache-ams4126-AMS',
19 verbose headers   'x-cache': 'MISS',
19 verbose headers   'x-cache-hits': '0',
19 verbose headers   'x-timer': 'S1457189935.914020,VS0,VE377',
19 verbose headers   vary: 'Accept' }
20 silly get cb [ 200,
20 silly get   { server: 'CouchDB/1.5.0 (Erlang OTP/R16B03)',
20 silly get     etag: '"3QIPJMASVDB0PK2YYXNENB7PY"',
20 silly get     'content-type': 'application/json',
20 silly get     'cache-control': 'max-age=300',
20 silly get     'content-length': '5995',
20 silly get     'accept-ranges': 'bytes',
20 silly get     date: 'Sat, 05 Mar 2016 14:58:56 GMT',
20 silly get     via: '1.1 varnish',
20 silly get     age: '0',
20 silly get     connection: 'keep-alive',
20 silly get     'x-served-by': 'cache-ams4126-AMS',
20 silly get     'x-cache': 'MISS',
20 silly get     'x-cache-hits': '0',
20 silly get     'x-timer': 'S1457189935.914020,VS0,VE377',
20 silly get     vary: 'Accept' } ]
21 verbose get saving angular-markdown-filter to /Users/christian/.npm/registry.npmjs.org/angular-markdown-filter/.cache.json
22 silly install normalizeTree
23 silly loadCurrentTree Finishing
24 silly loadIdealTree Starting
25 silly install loadIdealTree
26 silly cloneCurrentTree Starting
27 silly install cloneCurrentTreeToIdealTree
28 silly cloneCurrentTree Finishing
29 silly loadShrinkwrap Starting
30 silly install loadShrinkwrap
31 silly loadShrinkwrap Finishing
32 silly loadAllDepsIntoIdealTree Starting
33 silly install loadAllDepsIntoIdealTree
34 silly resolveWithNewModule angular-markdown-filter@1.3.2 checking installable status
35 silly cache add args [ 'angular-markdown-filter', null ]
36 verbose cache add spec angular-markdown-filter
37 silly cache add parsed spec Result {
37 silly cache add   raw: 'angular-markdown-filter',
37 silly cache add   scope: null,
37 silly cache add   name: 'angular-markdown-filter',
37 silly cache add   rawSpec: '',
37 silly cache add   spec: '*',
37 silly cache add   type: 'range' }
38 silly addNamed angular-markdown-filter@*
39 verbose addNamed "*" is a valid semver range for angular-markdown-filter
40 silly addNameRange { name: 'angular-markdown-filter', range: '*', hasData: false }
41 silly mapToRegistry name angular-markdown-filter
42 silly mapToRegistry using default registry
43 silly mapToRegistry registry https://registry.npmjs.org/
44 silly mapToRegistry uri https://registry.npmjs.org/angular-markdown-filter
45 verbose addNameRange registry:https://registry.npmjs.org/angular-markdown-filter not in flight; fetching
46 verbose get https://registry.npmjs.org/angular-markdown-filter not expired, no request
47 silly addNameRange number 2 { name: 'angular-markdown-filter', range: '*', hasData: true }
48 silly addNameRange versions [ 'angular-markdown-filter', [ '1.3.0', '1.3.1', '1.3.2' ] ]
49 silly addNamed angular-markdown-filter@1.3.2
50 verbose addNamed "1.3.2" is a plain semver version for angular-markdown-filter
51 silly mapToRegistry name angular-markdown-filter
52 silly mapToRegistry using default registry
53 silly mapToRegistry registry https://registry.npmjs.org/
54 silly mapToRegistry uri https://registry.npmjs.org/angular-markdown-filter
55 verbose addRemoteTarball https://registry.npmjs.org/angular-markdown-filter/-/angular-markdown-filter-1.3.2.tgz not in flight; adding
56 verbose addRemoteTarball [ 'https://registry.npmjs.org/angular-markdown-filter/-/angular-markdown-filter-1.3.2.tgz',
56 verbose addRemoteTarball   '754fee2b2e23e443ad2b70105bb2d6e84326317c' ]
57 info retry fetch attempt 1 at 3:58:56 PM
58 info attempt registry request try #1 at 3:58:56 PM
59 http fetch GET https://registry.npmjs.org/angular-markdown-filter/-/angular-markdown-filter-1.3.2.tgz
60 http fetch 200 https://registry.npmjs.org/angular-markdown-filter/-/angular-markdown-filter-1.3.2.tgz
61 silly fetchAndShaCheck shasum 754fee2b2e23e443ad2b70105bb2d6e84326317c
62 verbose addTmpTarball /var/folders/c_/2wlsly4n0yb143qg4ttwzngr0000gp/T/npm-32139-16fa8348/registry.npmjs.org/angular-markdown-filter/-/angular-markdown-filter-1.3.2.tgz not in flight; adding
63 verbose addTmpTarball already have metadata; skipping unpack for angular-markdown-filter@1.3.2
64 silly cache afterAdd angular-markdown-filter@1.3.2
65 verbose afterAdd /Users/christian/.npm/angular-markdown-filter/1.3.2/package/package.json not in flight; writing
66 verbose afterAdd /Users/christian/.npm/angular-markdown-filter/1.3.2/package/package.json written
67 silly fetchNamedPackageData showdown
68 silly mapToRegistry name showdown
69 silly mapToRegistry using default registry
70 silly mapToRegistry registry https://registry.npmjs.org/
71 silly mapToRegistry uri https://registry.npmjs.org/showdown
72 verbose request uri https://registry.npmjs.org/showdown
73 verbose request no auth needed
74 info attempt registry request try #1 at 3:58:56 PM
75 http request GET https://registry.npmjs.org/showdown
76 http 200 https://registry.npmjs.org/showdown
77 verbose headers { server: 'CouchDB/1.5.0 (Erlang OTP/R16B03)',
77 verbose headers   etag: '"VA6VXDDH493V6SFKQ0AZEGNI"',
77 verbose headers   'content-type': 'application/json',
77 verbose headers   'cache-control': 'max-age=300',
77 verbose headers   'content-length': '51052',
77 verbose headers   'accept-ranges': 'bytes',
77 verbose headers   date: 'Sat, 05 Mar 2016 14:58:57 GMT',
77 verbose headers   via: '1.1 varnish',
77 verbose headers   age: '0',
77 verbose headers   connection: 'keep-alive',
77 verbose headers   'x-served-by': 'cache-ams4142-AMS',
77 verbose headers   'x-cache': 'MISS',
77 verbose headers   'x-cache-hits': '0',
77 verbose headers   'x-timer': 'S1457189936.948500,VS0,VE706',
77 verbose headers   vary: 'Accept' }
78 silly get cb [ 200,
78 silly get   { server: 'CouchDB/1.5.0 (Erlang OTP/R16B03)',
78 silly get     etag: '"VA6VXDDH493V6SFKQ0AZEGNI"',
78 silly get     'content-type': 'application/json',
78 silly get     'cache-control': 'max-age=300',
78 silly get     'content-length': '51052',
78 silly get     'accept-ranges': 'bytes',
78 silly get     date: 'Sat, 05 Mar 2016 14:58:57 GMT',
78 silly get     via: '1.1 varnish',
78 silly get     age: '0',
78 silly get     connection: 'keep-alive',
78 silly get     'x-served-by': 'cache-ams4142-AMS',
78 silly get     'x-cache': 'MISS',
78 silly get     'x-cache-hits': '0',
78 silly get     'x-timer': 'S1457189936.948500,VS0,VE706',
78 silly get     vary: 'Accept' } ]
79 verbose get saving showdown to /Users/christian/.npm/registry.npmjs.org/showdown/.cache.json
80 silly resolveWithNewModule showdown@1.3.0 checking installable status
81 silly cache add args [ 'showdown@^1.2.3', null ]
82 verbose cache add spec showdown@^1.2.3
83 silly cache add parsed spec Result {
83 silly cache add   raw: 'showdown@^1.2.3',
83 silly cache add   scope: null,
83 silly cache add   name: 'showdown',
83 silly cache add   rawSpec: '^1.2.3',
83 silly cache add   spec: '>=1.2.3 <2.0.0',
83 silly cache add   type: 'range' }
84 silly addNamed showdown@>=1.2.3 <2.0.0
85 verbose addNamed ">=1.2.3 <2.0.0" is a valid semver range for showdown
86 silly addNameRange { name: 'showdown', range: '>=1.2.3 <2.0.0', hasData: false }
87 silly mapToRegistry name showdown
88 silly mapToRegistry using default registry
89 silly mapToRegistry registry https://registry.npmjs.org/
90 silly mapToRegistry uri https://registry.npmjs.org/showdown
91 verbose addNameRange registry:https://registry.npmjs.org/showdown not in flight; fetching
92 verbose get https://registry.npmjs.org/showdown not expired, no request
93 silly addNameRange number 2 { name: 'showdown', range: '>=1.2.3 <2.0.0', hasData: true }
94 silly addNameRange versions [ 'showdown',
94 silly addNameRange   [ '0.0.1',
94 silly addNameRange     '0.1.0',
94 silly addNameRange     '0.2.0',
94 silly addNameRange     '0.3.0',
94 silly addNameRange     '0.3.1',
94 silly addNameRange     '0.3.4',
94 silly addNameRange     '0.4.0',
94 silly addNameRange     '0.5.0',
94 silly addNameRange     '1.0.0-alpha1',
94 silly addNameRange     '1.0.0-alpha.2',
94 silly addNameRange     '0.5.2',
94 silly addNameRange     '0.5.3',
94 silly addNameRange     '0.5.4',
94 silly addNameRange     '1.0.0',
94 silly addNameRange     '1.0.1',
94 silly addNameRange     '1.0.2',
94 silly addNameRange     '1.1.0',
94 silly addNameRange     '1.2.0',
94 silly addNameRange     '1.2.1',
94 silly addNameRange     '1.2.2',
94 silly addNameRange     '1.2.3',
94 silly addNameRange     '1.3.0' ] ]
95 silly addNamed showdown@1.3.0
96 verbose addNamed "1.3.0" is a plain semver version for showdown
97 silly mapToRegistry name showdown
98 silly mapToRegistry using default registry
99 silly mapToRegistry registry https://registry.npmjs.org/
100 silly mapToRegistry uri https://registry.npmjs.org/showdown
101 verbose addRemoteTarball https://registry.npmjs.org/showdown/-/showdown-1.3.0.tgz not in flight; adding
102 verbose addRemoteTarball [ 'https://registry.npmjs.org/showdown/-/showdown-1.3.0.tgz',
102 verbose addRemoteTarball   'f3d2b8e87092324386b3e1c2b0f51793c75c139e' ]
103 info retry fetch attempt 1 at 3:58:57 PM
104 info attempt registry request try #1 at 3:58:57 PM
105 http fetch GET https://registry.npmjs.org/showdown/-/showdown-1.3.0.tgz
106 http fetch 200 https://registry.npmjs.org/showdown/-/showdown-1.3.0.tgz
107 silly fetchAndShaCheck shasum f3d2b8e87092324386b3e1c2b0f51793c75c139e
108 verbose addTmpTarball /var/folders/c_/2wlsly4n0yb143qg4ttwzngr0000gp/T/npm-32139-16fa8348/registry.npmjs.org/showdown/-/showdown-1.3.0.tgz not in flight; adding
109 verbose addTmpTarball already have metadata; skipping unpack for showdown@1.3.0
110 silly cache afterAdd showdown@1.3.0
111 verbose afterAdd /Users/christian/.npm/showdown/1.3.0/package/package.json not in flight; writing
112 verbose afterAdd /Users/christian/.npm/showdown/1.3.0/package/package.json written
113 silly loadAllDepsIntoIdealTree Finishing
114 silly idealTree:prePrune browser-sync-jekyll@0.0.0
114 silly idealTree:prePrune ├── abbrev@1.0.7
114 silly idealTree:prePrune ├── accepts@1.2.13
114 silly idealTree:prePrune ├── after@0.8.1
114 silly idealTree:prePrune ├── amdefine@1.0.0
114 silly idealTree:prePrune ├── angular-markdown-filter@1.3.2
114 silly idealTree:prePrune ├── ansi-regex@0.2.1
114 silly idealTree:prePrune ├── ansi-styles@1.1.0
114 silly idealTree:prePrune ├── ansi@0.3.1
114 silly idealTree:prePrune ├── archy@1.0.0
114 silly idealTree:prePrune ├── are-we-there-yet@1.0.6
114 silly idealTree:prePrune ├── array-differ@1.0.0
114 silly idealTree:prePrune ├── array-find-index@1.0.1
114 silly idealTree:prePrune ├── array-index@1.0.0
114 silly idealTree:prePrune ├── array-uniq@1.0.2
114 silly idealTree:prePrune ├── arraybuffer.slice@0.0.6
114 silly idealTree:prePrune ├── asn1@0.1.11
114 silly idealTree:prePrune ├── assert-plus@0.1.5
114 silly idealTree:prePrune ├── async-foreach@0.1.3
114 silly idealTree:prePrune ├── async@1.5.2
114 silly idealTree:prePrune ├── autoprefixer-core@3.1.2
114 silly idealTree:prePrune ├── aws-sign2@0.6.0
114 silly idealTree:prePrune ├── backo2@1.0.2
114 silly idealTree:prePrune ├── balanced-match@0.3.0
114 silly idealTree:prePrune ├── base64-arraybuffer@0.1.2
114 silly idealTree:prePrune ├── base64id@0.1.0
114 silly idealTree:prePrune ├── batch@0.5.3
114 silly idealTree:prePrune ├── beeper@1.1.0
114 silly idealTree:prePrune ├── benchmark@1.0.0
114 silly idealTree:prePrune ├── better-assert@1.0.2
114 silly idealTree:prePrune ├── bl@1.0.3
114 silly idealTree:prePrune ├── blob@0.0.4
114 silly idealTree:prePrune ├─┬ block-stream@0.0.8
114 silly idealTree:prePrune │ └── inherits@2.0.1
114 silly idealTree:prePrune ├── boom@2.10.1
114 silly idealTree:prePrune ├── brace-expansion@1.1.3
114 silly idealTree:prePrune ├── browser-sync-client@1.0.2
114 silly idealTree:prePrune ├── browser-sync@1.9.2
114 silly idealTree:prePrune ├── builtin-modules@1.1.1
114 silly idealTree:prePrune ├── callsite@1.0.0
114 silly idealTree:prePrune ├── camelcase-keys@1.0.0
114 silly idealTree:prePrune ├── camelcase@1.2.1
114 silly idealTree:prePrune ├── caniuse-db@1.0.30000418
114 silly idealTree:prePrune ├── caseless@0.11.0
114 silly idealTree:prePrune ├── chalk@0.5.1
114 silly idealTree:prePrune ├─┬ cliui@3.1.0
114 silly idealTree:prePrune │ ├── ansi-regex@2.0.0
114 silly idealTree:prePrune │ └── strip-ansi@3.0.1
114 silly idealTree:prePrune ├── clone-stats@0.0.1
114 silly idealTree:prePrune ├── clone@1.0.2
114 silly idealTree:prePrune ├── code-point-at@1.0.0
114 silly idealTree:prePrune ├── color-convert@1.0.0
114 silly idealTree:prePrune ├── combined-stream@1.0.5
114 silly idealTree:prePrune ├── commander@2.9.0
114 silly idealTree:prePrune ├── component-bind@1.0.0
114 silly idealTree:prePrune ├── component-emitter@1.1.2
114 silly idealTree:prePrune ├── component-inherit@0.0.3
114 silly idealTree:prePrune ├── concat-map@0.0.1
114 silly idealTree:prePrune ├─┬ concat-stream@1.5.1
114 silly idealTree:prePrune │ └── inherits@2.0.1
114 silly idealTree:prePrune ├── config-chain@1.1.10
114 silly idealTree:prePrune ├── connect@3.4.1
114 silly idealTree:prePrune ├── cookie@0.1.5
114 silly idealTree:prePrune ├── core-util-is@1.0.2
114 silly idealTree:prePrune ├─┬ cross-spawn-async@2.1.9
114 silly idealTree:prePrune │ └── lru-cache@4.0.0
114 silly idealTree:prePrune ├── cross-spawn@2.1.5
114 silly idealTree:prePrune ├── cryptiles@2.0.5
114 silly idealTree:prePrune ├── ctype@0.5.3
114 silly idealTree:prePrune ├── d@0.1.1
114 silly idealTree:prePrune ├─┬ dateformat@1.0.12
114 silly idealTree:prePrune │ ├── camelcase-keys@2.0.0
114 silly idealTree:prePrune │ ├── camelcase@2.1.0
114 silly idealTree:prePrune │ ├── meow@3.7.0
114 silly idealTree:prePrune │ └── object-assign@4.0.1
114 silly idealTree:prePrune ├── debug@2.2.0
114 silly idealTree:prePrune ├── decamelize@1.2.0
114 silly idealTree:prePrune ├── defaults@1.0.3
114 silly idealTree:prePrune ├── delayed-stream@1.0.0
114 silly idealTree:prePrune ├── delegates@1.0.0
114 silly idealTree:prePrune ├── depd@1.1.0
114 silly idealTree:prePrune ├── deprecated@0.0.1
114 silly idealTree:prePrune ├── destroy@1.0.4
114 silly idealTree:prePrune ├─┬ dev-ip@0.1.7
114 silly idealTree:prePrune │ └── lodash@2.2.1
114 silly idealTree:prePrune ├─┬ duplexer2@0.0.2
114 silly idealTree:prePrune │ ├── inherits@2.0.1
114 silly idealTree:prePrune │ └── readable-stream@1.1.13
114 silly idealTree:prePrune ├─┬ easy-extender@2.3.2
114 silly idealTree:prePrune │ └── lodash@3.10.1
114 silly idealTree:prePrune ├─┬ eazy-logger@2.1.2
114 silly idealTree:prePrune │ └── lodash@3.10.1
114 silly idealTree:prePrune ├── ee-first@1.1.1
114 silly idealTree:prePrune ├── emitter-steward@0.0.1
114 silly idealTree:prePrune ├── end-of-stream@0.1.5
114 silly idealTree:prePrune ├── engine.io-client@1.6.8
114 silly idealTree:prePrune ├─┬ engine.io-parser@1.2.4
114 silly idealTree:prePrune │ └── has-binary@0.1.6
114 silly idealTree:prePrune ├─┬ engine.io@1.6.8
114 silly idealTree:prePrune │ ├── accepts@1.1.4
114 silly idealTree:prePrune │ ├── mime-db@1.12.0
114 silly idealTree:prePrune │ ├── mime-types@2.0.14
114 silly idealTree:prePrune │ └── negotiator@0.4.9
114 silly idealTree:prePrune ├── error-ex@1.3.0
114 silly idealTree:prePrune ├── es5-ext@0.10.11
114 silly idealTree:prePrune ├── es6-iterator@2.0.0
114 silly idealTree:prePrune ├── es6-symbol@3.0.2
114 silly idealTree:prePrune ├── escape-html@1.0.3
114 silly idealTree:prePrune ├── escape-string-regexp@1.0.5
114 silly idealTree:prePrune ├── etag@1.7.0
114 silly idealTree:prePrune ├── eventemitter3@1.1.1
114 silly idealTree:prePrune ├── extend@3.0.0
114 silly idealTree:prePrune ├─┬ fancy-log@1.2.0
114 silly idealTree:prePrune │ ├── ansi-regex@2.0.0
114 silly idealTree:prePrune │ ├── ansi-styles@2.2.0
114 silly idealTree:prePrune │ ├── chalk@1.1.1
114 silly idealTree:prePrune │ ├── has-ansi@2.0.0
114 silly idealTree:prePrune │ ├── strip-ansi@3.0.1
114 silly idealTree:prePrune │ └── supports-color@2.0.0
114 silly idealTree:prePrune ├── finalhandler@0.4.1
114 silly idealTree:prePrune ├── find-index@0.1.1
114 silly idealTree:prePrune ├── find-up@1.1.1
114 silly idealTree:prePrune ├─┬ findup-sync@0.3.0
114 silly idealTree:prePrune │ ├── glob@5.0.15
114 silly idealTree:prePrune │ └── inherits@2.0.1
114 silly idealTree:prePrune ├── first-chunk-stream@1.0.0
114 silly idealTree:prePrune ├── flagged-respawn@0.3.1
114 silly idealTree:prePrune ├── forever-agent@0.6.1
114 silly idealTree:prePrune ├── form-data@1.0.0-rc3
114 silly idealTree:prePrune ├─┬ foxy@7.1.0
114 silly idealTree:prePrune │ └── dev-ip@1.0.1
114 silly idealTree:prePrune ├── fresh@0.3.0
114 silly idealTree:prePrune ├─┬ fstream@1.0.8
114 silly idealTree:prePrune │ ├── graceful-fs@4.1.3
114 silly idealTree:prePrune │ └── inherits@2.0.1
114 silly idealTree:prePrune ├── gauge@1.2.7
114 silly idealTree:prePrune ├── gaze@0.5.2
114 silly idealTree:prePrune ├── generate-function@2.0.0
114 silly idealTree:prePrune ├── generate-object-property@1.2.0
114 silly idealTree:prePrune ├── get-stdin@4.0.1
114 silly idealTree:prePrune ├─┬ glob-stream@3.1.18
114 silly idealTree:prePrune │ ├── glob@4.5.3
114 silly idealTree:prePrune │ ├── inherits@2.0.1
114 silly idealTree:prePrune │ ├── readable-stream@1.0.33
114 silly idealTree:prePrune │ └── through2@0.6.5
114 silly idealTree:prePrune ├── glob-watcher@0.0.7
114 silly idealTree:prePrune ├─┬ glob@3.1.21
114 silly idealTree:prePrune │ └── minimatch@0.2.14
114 silly idealTree:prePrune ├── glob2base@0.0.12
114 silly idealTree:prePrune ├─┬ globule@0.1.0
114 silly idealTree:prePrune │ ├── lodash@1.0.2
114 silly idealTree:prePrune │ └── minimatch@0.2.14
114 silly idealTree:prePrune ├── glogg@1.0.0
114 silly idealTree:prePrune ├── graceful-fs@1.2.3
114 silly idealTree:prePrune ├── graceful-readlink@1.0.1
114 silly idealTree:prePrune ├─┬ gulp-autoprefixer@1.0.0
114 silly idealTree:prePrune │ ├── inherits@2.0.1
114 silly idealTree:prePrune │ ├── object-assign@1.0.0
114 silly idealTree:prePrune │ ├── readable-stream@1.0.33
114 silly idealTree:prePrune │ └── through2@0.6.5
114 silly idealTree:prePrune ├─┬ gulp-sass@2.2.0
114 silly idealTree:prePrune │ ├── object-assign@4.0.1
114 silly idealTree:prePrune │ ├── source-map@0.5.3
114 silly idealTree:prePrune │ └── vinyl-sourcemaps-apply@0.2.1
114 silly idealTree:prePrune ├─┬ gulp-util@3.0.7
114 silly idealTree:prePrune │ ├── ansi-regex@2.0.0
114 silly idealTree:prePrune │ ├── ansi-styles@2.2.0
114 silly idealTree:prePrune │ ├── chalk@1.1.1
114 silly idealTree:prePrune │ ├── has-ansi@2.0.0
114 silly idealTree:prePrune │ ├── object-assign@3.0.0
114 silly idealTree:prePrune │ ├── strip-ansi@3.0.1
114 silly idealTree:prePrune │ └── supports-color@2.0.0
114 silly idealTree:prePrune ├─┬ gulp@3.9.1
114 silly idealTree:prePrune │ ├── ansi-regex@2.0.0
114 silly idealTree:prePrune │ ├── ansi-styles@2.2.0
114 silly idealTree:prePrune │ ├── chalk@1.1.1
114 silly idealTree:prePrune │ ├── has-ansi@2.0.0
114 silly idealTree:prePrune │ ├── strip-ansi@3.0.1
114 silly idealTree:prePrune │ └── supports-color@2.0.0
114 silly idealTree:prePrune ├── gulplog@1.0.0
114 silly idealTree:prePrune ├─┬ har-validator@2.0.6
114 silly idealTree:prePrune │ ├── ansi-regex@2.0.0
114 silly idealTree:prePrune │ ├── ansi-styles@2.2.0
114 silly idealTree:prePrune │ ├── chalk@1.1.1
114 silly idealTree:prePrune │ ├── has-ansi@2.0.0
114 silly idealTree:prePrune │ ├── strip-ansi@3.0.1
114 silly idealTree:prePrune │ └── supports-color@2.0.0
114 silly idealTree:prePrune ├── has-ansi@0.1.0
114 silly idealTree:prePrune ├── has-binary@0.1.7
114 silly idealTree:prePrune ├── has-cors@1.1.0
114 silly idealTree:prePrune ├── has-gulplog@0.1.0
114 silly idealTree:prePrune ├── has-unicode@2.0.0
114 silly idealTree:prePrune ├── hawk@3.1.3
114 silly idealTree:prePrune ├── hoek@2.16.3
114 silly idealTree:prePrune ├── hosted-git-info@2.1.4
114 silly idealTree:prePrune ├─┬ http-errors@1.3.1
114 silly idealTree:prePrune │ └── inherits@2.0.1
114 silly idealTree:prePrune ├── http-proxy@1.13.2
114 silly idealTree:prePrune ├── http-signature@0.11.0
114 silly idealTree:prePrune ├── immutable@3.7.6
114 silly idealTree:prePrune ├── indent-string@1.2.2
114 silly idealTree:prePrune ├── indexof@0.0.1
114 silly idealTree:prePrune ├── inflight@1.0.4
114 silly idealTree:prePrune ├── inherits@1.0.2
114 silly idealTree:prePrune ├── ini@1.3.4
114 silly idealTree:prePrune ├── interpret@1.0.0
114 silly idealTree:prePrune ├── invert-kv@1.0.0
114 silly idealTree:prePrune ├── is-absolute@0.1.7
114 silly idealTree:prePrune ├── is-arrayish@0.2.1
114 silly idealTree:prePrune ├── is-builtin-module@1.0.0
114 silly idealTree:prePrune ├── is-finite@1.0.1
114 silly idealTree:prePrune ├── is-fullwidth-code-point@1.0.0
114 silly idealTree:prePrune ├── is-my-json-valid@2.13.1
114 silly idealTree:prePrune ├── is-property@1.0.2
114 silly idealTree:prePrune ├── is-relative@0.1.3
114 silly idealTree:prePrune ├── is-utf8@0.2.1
114 silly idealTree:prePrune ├── isarray@0.0.1
114 silly idealTree:prePrune ├── isexe@1.1.2
114 silly idealTree:prePrune ├── isstream@0.1.2
114 silly idealTree:prePrune ├── js-base64@2.1.9
114 silly idealTree:prePrune ├── json-stringify-safe@5.0.1
114 silly idealTree:prePrune ├── json3@3.2.6
114 silly idealTree:prePrune ├── jsonpointer@2.0.0
114 silly idealTree:prePrune ├── lcid@1.0.0
114 silly idealTree:prePrune ├─┬ liftoff@2.2.0
114 silly idealTree:prePrune │ └── extend@2.0.1
114 silly idealTree:prePrune ├─┬ load-json-file@1.1.0
114 silly idealTree:prePrune │ └── graceful-fs@4.1.3
114 silly idealTree:prePrune ├── localtunnel@1.8.1
114 silly idealTree:prePrune ├── lodash._basecopy@3.0.1
114 silly idealTree:prePrune ├── lodash._basetostring@3.0.1
114 silly idealTree:prePrune ├── lodash._basevalues@3.0.0
114 silly idealTree:prePrune ├── lodash._getnative@3.9.1
114 silly idealTree:prePrune ├── lodash._isiterateecall@3.0.9
114 silly idealTree:prePrune ├── lodash._reescape@3.0.0
114 silly idealTree:prePrune ├── lodash._reevaluate@3.0.0
114 silly idealTree:prePrune ├── lodash._reinterpolate@3.0.0
114 silly idealTree:prePrune ├── lodash._root@3.0.1
114 silly idealTree:prePrune ├── lodash.escape@3.2.0
114 silly idealTree:prePrune ├── lodash.isarguments@3.0.8
114 silly idealTree:prePrune ├── lodash.isarray@3.0.4
114 silly idealTree:prePrune ├── lodash.keys@3.1.2
114 silly idealTree:prePrune ├── lodash.pad@4.1.0
114 silly idealTree:prePrune ├── lodash.padend@4.2.0
114 silly idealTree:prePrune ├── lodash.padstart@4.2.0
114 silly idealTree:prePrune ├── lodash.repeat@4.0.0
114 silly idealTree:prePrune ├── lodash.restparam@3.6.1
114 silly idealTree:prePrune ├── lodash.template@3.6.2
114 silly idealTree:prePrune ├── lodash.templatesettings@3.1.1
114 silly idealTree:prePrune ├── lodash.tostring@4.1.2
114 silly idealTree:prePrune ├── lodash@2.4.2
114 silly idealTree:prePrune ├── loud-rejection@1.3.0
114 silly idealTree:prePrune ├── lru-cache@2.7.3
114 silly idealTree:prePrune ├── map-obj@1.0.1
114 silly idealTree:prePrune ├── meow@2.1.0
114 silly idealTree:prePrune ├── mime-db@1.22.0
114 silly idealTree:prePrune ├── mime-types@2.1.10
114 silly idealTree:prePrune ├── mime@1.3.4
114 silly idealTree:prePrune ├── minimatch@2.0.10
114 silly idealTree:prePrune ├── minimist@1.2.0
114 silly idealTree:prePrune ├─┬ mkdirp@0.5.1
114 silly idealTree:prePrune │ └── minimist@0.0.8
114 silly idealTree:prePrune ├── ms@0.7.1
114 silly idealTree:prePrune ├── multipipe@0.1.2
114 silly idealTree:prePrune ├── nan@2.2.0
114 silly idealTree:prePrune ├── negotiator@0.5.3
114 silly idealTree:prePrune ├─┬ node-gyp@3.3.1
114 silly idealTree:prePrune │ ├── graceful-fs@4.1.3
114 silly idealTree:prePrune │ └── minimatch@1.0.0
114 silly idealTree:prePrune ├─┬ node-sass@3.4.2
114 silly idealTree:prePrune │ ├── ansi-regex@2.0.0
114 silly idealTree:prePrune │ ├── ansi-styles@2.2.0
114 silly idealTree:prePrune │ ├── camelcase-keys@2.0.0
114 silly idealTree:prePrune │ ├── camelcase@2.1.0
114 silly idealTree:prePrune │ ├── chalk@1.1.1
114 silly idealTree:prePrune │ ├── glob@5.0.15
114 silly idealTree:prePrune │ ├── has-ansi@2.0.0
114 silly idealTree:prePrune │ ├── inherits@2.0.1
114 silly idealTree:prePrune │ ├── meow@3.7.0
114 silly idealTree:prePrune │ ├── object-assign@4.0.1
114 silly idealTree:prePrune │ ├── strip-ansi@3.0.1
114 silly idealTree:prePrune │ └── supports-color@2.0.0
114 silly idealTree:prePrune ├── node-uuid@1.4.7
114 silly idealTree:prePrune ├── nopt@3.0.6
114 silly idealTree:prePrune ├── normalize-package-data@2.3.5
114 silly idealTree:prePrune ├─┬ npmconf@2.1.2
114 silly idealTree:prePrune │ └── inherits@2.0.1
114 silly idealTree:prePrune ├── npmlog@2.0.2
114 silly idealTree:prePrune ├── number-is-nan@1.0.0
114 silly idealTree:prePrune ├── oauth-sign@0.8.1
114 silly idealTree:prePrune ├── object-assign@2.1.1
114 silly idealTree:prePrune ├── object-component@0.0.3
114 silly idealTree:prePrune ├── object-path@0.8.1
114 silly idealTree:prePrune ├── on-finished@2.3.0
114 silly idealTree:prePrune ├── once@1.3.3
114 silly idealTree:prePrune ├── openurl@1.1.0
114 silly idealTree:prePrune ├── opn@1.0.2
114 silly idealTree:prePrune ├─┬ opt-merger@1.1.1
114 silly idealTree:prePrune │ └── lodash@3.10.1
114 silly idealTree:prePrune ├── options@0.0.6
114 silly idealTree:prePrune ├── orchestrator@0.3.7
114 silly idealTree:prePrune ├── ordered-read-streams@0.1.0
114 silly idealTree:prePrune ├── os-homedir@1.0.1
114 silly idealTree:prePrune ├── os-locale@1.4.0
114 silly idealTree:prePrune ├── os-shim@0.1.3
114 silly idealTree:prePrune ├── os-tmpdir@1.0.1
114 silly idealTree:prePrune ├── osenv@0.1.3
114 silly idealTree:prePrune ├── parse-json@2.2.0
114 silly idealTree:prePrune ├── parsejson@0.0.1
114 silly idealTree:prePrune ├── parseqs@0.0.2
114 silly idealTree:prePrune ├── parseuri@0.0.4
114 silly idealTree:prePrune ├── parseurl@1.3.1
114 silly idealTree:prePrune ├── path-array@1.0.1
114 silly idealTree:prePrune ├── path-exists@2.1.0
114 silly idealTree:prePrune ├── path-is-absolute@1.0.0
114 silly idealTree:prePrune ├─┬ path-type@1.1.0
114 silly idealTree:prePrune │ └── graceful-fs@4.1.3
114 silly idealTree:prePrune ├── pify@2.3.0
114 silly idealTree:prePrune ├── pinkie-promise@2.0.0
114 silly idealTree:prePrune ├── pinkie@2.0.4
114 silly idealTree:prePrune ├── portscanner-plus@0.2.1
114 silly idealTree:prePrune ├─┬ portscanner@1.0.0
114 silly idealTree:prePrune │ └── async@0.1.15
114 silly idealTree:prePrune ├── postcss@2.2.6
114 silly idealTree:prePrune ├── pretty-hrtime@1.0.2
114 silly idealTree:prePrune ├── process-nextick-args@1.0.6
114 silly idealTree:prePrune ├── proto-list@1.2.4
114 silly idealTree:prePrune ├── pseudomap@1.0.2
114 silly idealTree:prePrune ├── q@1.4.1
114 silly idealTree:prePrune ├── qs@5.2.0
114 silly idealTree:prePrune ├── range-parser@1.0.3
114 silly idealTree:prePrune ├── read-pkg-up@1.0.1
114 silly idealTree:prePrune ├── read-pkg@1.1.0
114 silly idealTree:prePrune ├─┬ readable-stream@2.0.5
114 silly idealTree:prePrune │ └── inherits@2.0.1
114 silly idealTree:prePrune ├── rechoir@0.6.2
114 silly idealTree:prePrune ├─┬ redent@1.0.0
114 silly idealTree:prePrune │ ├── indent-string@2.1.0
114 silly idealTree:prePrune │ └── repeating@2.0.0
114 silly idealTree:prePrune ├── repeating@1.1.3
114 silly idealTree:prePrune ├── replace-ext@0.0.1
114 silly idealTree:prePrune ├── request@2.65.0
114 silly idealTree:prePrune ├── requires-port@1.0.0
114 silly idealTree:prePrune ├── resolve@1.1.7
114 silly idealTree:prePrune ├── resp-modifier@1.0.2
114 silly idealTree:prePrune ├─┬ rimraf@2.5.2
114 silly idealTree:prePrune │ ├── glob@7.0.3
114 silly idealTree:prePrune │ └── inherits@2.0.1
114 silly idealTree:prePrune ├─┬ sass-graph@2.1.1
114 silly idealTree:prePrune │ ├── glob@6.0.4
114 silly idealTree:prePrune │ ├── inherits@2.0.1
114 silly idealTree:prePrune │ └── lodash@4.6.1
114 silly idealTree:prePrune ├── semver@4.3.6
114 silly idealTree:prePrune ├── send@0.13.1
114 silly idealTree:prePrune ├── sequencify@0.0.7
114 silly idealTree:prePrune ├── serve-index@1.7.3
114 silly idealTree:prePrune ├── serve-static@1.10.2
114 silly idealTree:prePrune ├── showdown@1.3.0
114 silly idealTree:prePrune ├── sigmund@1.0.1
114 silly idealTree:prePrune ├── signal-exit@2.1.2
114 silly idealTree:prePrune ├── sntp@1.0.9
114 silly idealTree:prePrune ├─┬ socket.io-adapter@0.4.0
114 silly idealTree:prePrune │ └─┬ socket.io-parser@2.2.2
114 silly idealTree:prePrune │   └── debug@0.7.4
114 silly idealTree:prePrune ├─┬ socket.io-client@1.4.5
114 silly idealTree:prePrune │ └── component-emitter@1.2.0
114 silly idealTree:prePrune ├─┬ socket.io-parser@2.2.6
114 silly idealTree:prePrune │ └── json3@3.3.2
114 silly idealTree:prePrune ├── socket.io@1.4.5
114 silly idealTree:prePrune ├── source-map@0.1.43
114 silly idealTree:prePrune ├── sparkles@1.0.0
114 silly idealTree:prePrune ├── spawn-sync@1.0.15
114 silly idealTree:prePrune ├── spdx-correct@1.0.2
114 silly idealTree:prePrune ├── spdx-exceptions@1.0.4
114 silly idealTree:prePrune ├── spdx-expression-parse@1.0.2
114 silly idealTree:prePrune ├── spdx-license-ids@1.2.0
114 silly idealTree:prePrune ├── statuses@1.2.1
114 silly idealTree:prePrune ├── stream-consume@0.1.0
114 silly idealTree:prePrune ├── string_decoder@0.10.31
114 silly idealTree:prePrune ├─┬ string-width@1.0.1
114 silly idealTree:prePrune │ ├── ansi-regex@2.0.0
114 silly idealTree:prePrune │ └── strip-ansi@3.0.1
114 silly idealTree:prePrune ├── stringstream@0.0.5
114 silly idealTree:prePrune ├── strip-ansi@0.3.0
114 silly idealTree:prePrune ├── strip-bom@2.0.0
114 silly idealTree:prePrune ├── strip-indent@1.0.1
114 silly idealTree:prePrune ├── supports-color@0.2.0
114 silly idealTree:prePrune ├─┬ tar@2.2.1
114 silly idealTree:prePrune │ └── inherits@2.0.1
114 silly idealTree:prePrune ├─┬ tfunk@3.0.1
114 silly idealTree:prePrune │ └── object-path@0.9.2
114 silly idealTree:prePrune ├── through2@2.0.1
114 silly idealTree:prePrune ├── tildify@1.1.2
114 silly idealTree:prePrune ├── time-stamp@1.0.0
114 silly idealTree:prePrune ├── to-array@0.1.4
114 silly idealTree:prePrune ├── tough-cookie@2.2.1
114 silly idealTree:prePrune ├── trim-newlines@1.0.0
114 silly idealTree:prePrune ├── tunnel-agent@0.4.2
114 silly idealTree:prePrune ├── typedarray@0.0.6
114 silly idealTree:prePrune ├── ua-parser-js@0.7.10
114 silly idealTree:prePrune ├── uid-number@0.0.5
114 silly idealTree:prePrune ├── ultron@1.0.2
114 silly idealTree:prePrune ├── unique-stream@1.0.0
114 silly idealTree:prePrune ├── unpipe@1.0.0
114 silly idealTree:prePrune ├── user-home@1.1.1
114 silly idealTree:prePrune ├── utf8@2.1.0
114 silly idealTree:prePrune ├── util-deprecate@1.0.2
114 silly idealTree:prePrune ├── utils-merge@1.0.0
114 silly idealTree:prePrune ├── v8flags@2.0.11
114 silly idealTree:prePrune ├── validate-npm-package-license@3.0.1
114 silly idealTree:prePrune ├─┬ vinyl-fs@0.3.14
114 silly idealTree:prePrune │ ├── clone@0.2.0
114 silly idealTree:prePrune │ ├── glob-watcher@0.0.6
114 silly idealTree:prePrune │ ├── graceful-fs@3.0.8
114 silly idealTree:prePrune │ ├── inherits@2.0.1
114 silly idealTree:prePrune │ ├── readable-stream@1.0.33
114 silly idealTree:prePrune │ ├── strip-bom@1.0.0
114 silly idealTree:prePrune │ ├── through2@0.6.5
114 silly idealTree:prePrune │ └── vinyl@0.4.6
114 silly idealTree:prePrune ├── vinyl-sourcemaps-apply@0.1.4
114 silly idealTree:prePrune ├── vinyl@0.5.3
114 silly idealTree:prePrune ├── which@1.2.4
114 silly idealTree:prePrune ├── window-size@0.1.4
114 silly idealTree:prePrune ├── wrap-ansi@1.0.0
114 silly idealTree:prePrune ├── wrappy@1.0.1
114 silly idealTree:prePrune ├── ws@1.0.1
114 silly idealTree:prePrune ├── xmlhttprequest-ssl@1.5.1
114 silly idealTree:prePrune ├── xtend@4.0.1
114 silly idealTree:prePrune ├── y18n@3.2.0
114 silly idealTree:prePrune ├── yallist@2.0.0
114 silly idealTree:prePrune ├── yargs@3.29.0
114 silly idealTree:prePrune └── yeast@0.1.2
115 silly loadIdealTree Finishing
116 silly currentTree browser-sync-jekyll@0.0.0
116 silly currentTree ├── abbrev@1.0.7
116 silly currentTree ├── accepts@1.2.13
116 silly currentTree ├── after@0.8.1
116 silly currentTree ├── amdefine@1.0.0
116 silly currentTree ├── ansi-regex@0.2.1
116 silly currentTree ├── ansi-styles@1.1.0
116 silly currentTree ├── ansi@0.3.1
116 silly currentTree ├── archy@1.0.0
116 silly currentTree ├── are-we-there-yet@1.0.6
116 silly currentTree ├── array-differ@1.0.0
116 silly currentTree ├── array-find-index@1.0.1
116 silly currentTree ├── array-index@1.0.0
116 silly currentTree ├── array-uniq@1.0.2
116 silly currentTree ├── arraybuffer.slice@0.0.6
116 silly currentTree ├── asn1@0.1.11
116 silly currentTree ├── assert-plus@0.1.5
116 silly currentTree ├── async-foreach@0.1.3
116 silly currentTree ├── async@1.5.2
116 silly currentTree ├── autoprefixer-core@3.1.2
116 silly currentTree ├── aws-sign2@0.6.0
116 silly currentTree ├── backo2@1.0.2
116 silly currentTree ├── balanced-match@0.3.0
116 silly currentTree ├── base64-arraybuffer@0.1.2
116 silly currentTree ├── base64id@0.1.0
116 silly currentTree ├── batch@0.5.3
116 silly currentTree ├── beeper@1.1.0
116 silly currentTree ├── benchmark@1.0.0
116 silly currentTree ├── better-assert@1.0.2
116 silly currentTree ├── bl@1.0.3
116 silly currentTree ├── blob@0.0.4
116 silly currentTree ├─┬ block-stream@0.0.8
116 silly currentTree │ └── inherits@2.0.1
116 silly currentTree ├── boom@2.10.1
116 silly currentTree ├── brace-expansion@1.1.3
116 silly currentTree ├── browser-sync-client@1.0.2
116 silly currentTree ├── browser-sync@1.9.2
116 silly currentTree ├── builtin-modules@1.1.1
116 silly currentTree ├── callsite@1.0.0
116 silly currentTree ├── camelcase-keys@1.0.0
116 silly currentTree ├── camelcase@1.2.1
116 silly currentTree ├── caniuse-db@1.0.30000418
116 silly currentTree ├── caseless@0.11.0
116 silly currentTree ├── chalk@0.5.1
116 silly currentTree ├─┬ cliui@3.1.0
116 silly currentTree │ ├── ansi-regex@2.0.0
116 silly currentTree │ └── strip-ansi@3.0.1
116 silly currentTree ├── clone-stats@0.0.1
116 silly currentTree ├── clone@1.0.2
116 silly currentTree ├── code-point-at@1.0.0
116 silly currentTree ├── color-convert@1.0.0
116 silly currentTree ├── combined-stream@1.0.5
116 silly currentTree ├── commander@2.9.0
116 silly currentTree ├── component-bind@1.0.0
116 silly currentTree ├── component-emitter@1.1.2
116 silly currentTree ├── component-inherit@0.0.3
116 silly currentTree ├── concat-map@0.0.1
116 silly currentTree ├─┬ concat-stream@1.5.1
116 silly currentTree │ └── inherits@2.0.1
116 silly currentTree ├── config-chain@1.1.10
116 silly currentTree ├── connect@3.4.1
116 silly currentTree ├── cookie@0.1.5
116 silly currentTree ├── core-util-is@1.0.2
116 silly currentTree ├─┬ cross-spawn-async@2.1.9
116 silly currentTree │ └── lru-cache@4.0.0
116 silly currentTree ├── cross-spawn@2.1.5
116 silly currentTree ├── cryptiles@2.0.5
116 silly currentTree ├── ctype@0.5.3
116 silly currentTree ├── d@0.1.1
116 silly currentTree ├─┬ dateformat@1.0.12
116 silly currentTree │ ├── camelcase-keys@2.0.0
116 silly currentTree │ ├── camelcase@2.1.0
116 silly currentTree │ ├── meow@3.7.0
116 silly currentTree │ └── object-assign@4.0.1
116 silly currentTree ├── debug@2.2.0
116 silly currentTree ├── decamelize@1.2.0
116 silly currentTree ├── defaults@1.0.3
116 silly currentTree ├── delayed-stream@1.0.0
116 silly currentTree ├── delegates@1.0.0
116 silly currentTree ├── depd@1.1.0
116 silly currentTree ├── deprecated@0.0.1
116 silly currentTree ├── destroy@1.0.4
116 silly currentTree ├─┬ dev-ip@0.1.7
116 silly currentTree │ └── lodash@2.2.1
116 silly currentTree ├─┬ duplexer2@0.0.2
116 silly currentTree │ ├── inherits@2.0.1
116 silly currentTree │ └── readable-stream@1.1.13
116 silly currentTree ├─┬ easy-extender@2.3.2
116 silly currentTree │ └── lodash@3.10.1
116 silly currentTree ├─┬ eazy-logger@2.1.2
116 silly currentTree │ └── lodash@3.10.1
116 silly currentTree ├── ee-first@1.1.1
116 silly currentTree ├── emitter-steward@0.0.1
116 silly currentTree ├── end-of-stream@0.1.5
116 silly currentTree ├── engine.io-client@1.6.8
116 silly currentTree ├─┬ engine.io-parser@1.2.4
116 silly currentTree │ └── has-binary@0.1.6
116 silly currentTree ├─┬ engine.io@1.6.8
116 silly currentTree │ ├── accepts@1.1.4
116 silly currentTree │ ├── mime-db@1.12.0
116 silly currentTree │ ├── mime-types@2.0.14
116 silly currentTree │ └── negotiator@0.4.9
116 silly currentTree ├── error-ex@1.3.0
116 silly currentTree ├── es5-ext@0.10.11
116 silly currentTree ├── es6-iterator@2.0.0
116 silly currentTree ├── es6-symbol@3.0.2
116 silly currentTree ├── escape-html@1.0.3
116 silly currentTree ├── escape-string-regexp@1.0.5
116 silly currentTree ├── etag@1.7.0
116 silly currentTree ├── eventemitter3@1.1.1
116 silly currentTree ├── extend@3.0.0
116 silly currentTree ├─┬ fancy-log@1.2.0
116 silly currentTree │ ├── ansi-regex@2.0.0
116 silly currentTree │ ├── ansi-styles@2.2.0
116 silly currentTree │ ├── chalk@1.1.1
116 silly currentTree │ ├── has-ansi@2.0.0
116 silly currentTree │ ├── strip-ansi@3.0.1
116 silly currentTree │ └── supports-color@2.0.0
116 silly currentTree ├── finalhandler@0.4.1
116 silly currentTree ├── find-index@0.1.1
116 silly currentTree ├── find-up@1.1.1
116 silly currentTree ├─┬ findup-sync@0.3.0
116 silly currentTree │ ├── glob@5.0.15
116 silly currentTree │ └── inherits@2.0.1
116 silly currentTree ├── first-chunk-stream@1.0.0
116 silly currentTree ├── flagged-respawn@0.3.1
116 silly currentTree ├── forever-agent@0.6.1
116 silly currentTree ├── form-data@1.0.0-rc3
116 silly currentTree ├─┬ foxy@7.1.0
116 silly currentTree │ └── dev-ip@1.0.1
116 silly currentTree ├── fresh@0.3.0
116 silly currentTree ├─┬ fstream@1.0.8
116 silly currentTree │ ├── graceful-fs@4.1.3
116 silly currentTree │ └── inherits@2.0.1
116 silly currentTree ├── gauge@1.2.7
116 silly currentTree ├── gaze@0.5.2
116 silly currentTree ├── generate-function@2.0.0
116 silly currentTree ├── generate-object-property@1.2.0
116 silly currentTree ├── get-stdin@4.0.1
116 silly currentTree ├─┬ glob-stream@3.1.18
116 silly currentTree │ ├── glob@4.5.3
116 silly currentTree │ ├── inherits@2.0.1
116 silly currentTree │ ├── readable-stream@1.0.33
116 silly currentTree │ └── through2@0.6.5
116 silly currentTree ├── glob-watcher@0.0.7
116 silly currentTree ├─┬ glob@3.1.21
116 silly currentTree │ └── minimatch@0.2.14
116 silly currentTree ├── glob2base@0.0.12
116 silly currentTree ├─┬ globule@0.1.0
116 silly currentTree │ ├── lodash@1.0.2
116 silly currentTree │ └── minimatch@0.2.14
116 silly currentTree ├── glogg@1.0.0
116 silly currentTree ├── graceful-fs@1.2.3
116 silly currentTree ├── graceful-readlink@1.0.1
116 silly currentTree ├─┬ gulp-autoprefixer@1.0.0
116 silly currentTree │ ├── inherits@2.0.1
116 silly currentTree │ ├── object-assign@1.0.0
116 silly currentTree │ ├── readable-stream@1.0.33
116 silly currentTree │ └── through2@0.6.5
116 silly currentTree ├─┬ gulp-sass@2.2.0
116 silly currentTree │ ├── object-assign@4.0.1
116 silly currentTree │ ├── source-map@0.5.3
116 silly currentTree │ └── vinyl-sourcemaps-apply@0.2.1
116 silly currentTree ├─┬ gulp-util@3.0.7
116 silly currentTree │ ├── ansi-regex@2.0.0
116 silly currentTree │ ├── ansi-styles@2.2.0
116 silly currentTree │ ├── chalk@1.1.1
116 silly currentTree │ ├── has-ansi@2.0.0
116 silly currentTree │ ├── object-assign@3.0.0
116 silly currentTree │ ├── strip-ansi@3.0.1
116 silly currentTree │ └── supports-color@2.0.0
116 silly currentTree ├─┬ gulp@3.9.1
116 silly currentTree │ ├── ansi-regex@2.0.0
116 silly currentTree │ ├── ansi-styles@2.2.0
116 silly currentTree │ ├── chalk@1.1.1
116 silly currentTree │ ├── has-ansi@2.0.0
116 silly currentTree │ ├── strip-ansi@3.0.1
116 silly currentTree │ └── supports-color@2.0.0
116 silly currentTree ├── gulplog@1.0.0
116 silly currentTree ├─┬ har-validator@2.0.6
116 silly currentTree │ ├── ansi-regex@2.0.0
116 silly currentTree │ ├── ansi-styles@2.2.0
116 silly currentTree │ ├── chalk@1.1.1
116 silly currentTree │ ├── has-ansi@2.0.0
116 silly currentTree │ ├── strip-ansi@3.0.1
116 silly currentTree │ └── supports-color@2.0.0
116 silly currentTree ├── has-ansi@0.1.0
116 silly currentTree ├── has-binary@0.1.7
116 silly currentTree ├── has-cors@1.1.0
116 silly currentTree ├── has-gulplog@0.1.0
116 silly currentTree ├── has-unicode@2.0.0
116 silly currentTree ├── hawk@3.1.3
116 silly currentTree ├── hoek@2.16.3
116 silly currentTree ├── hosted-git-info@2.1.4
116 silly currentTree ├─┬ http-errors@1.3.1
116 silly currentTree │ └── inherits@2.0.1
116 silly currentTree ├── http-proxy@1.13.2
116 silly currentTree ├── http-signature@0.11.0
116 silly currentTree ├── immutable@3.7.6
116 silly currentTree ├── indent-string@1.2.2
116 silly currentTree ├── indexof@0.0.1
116 silly currentTree ├── inflight@1.0.4
116 silly currentTree ├── inherits@1.0.2
116 silly currentTree ├── ini@1.3.4
116 silly currentTree ├── interpret@1.0.0
116 silly currentTree ├── invert-kv@1.0.0
116 silly currentTree ├── is-absolute@0.1.7
116 silly currentTree ├── is-arrayish@0.2.1
116 silly currentTree ├── is-builtin-module@1.0.0
116 silly currentTree ├── is-finite@1.0.1
116 silly currentTree ├── is-fullwidth-code-point@1.0.0
116 silly currentTree ├── is-my-json-valid@2.13.1
116 silly currentTree ├── is-property@1.0.2
116 silly currentTree ├── is-relative@0.1.3
116 silly currentTree ├── is-utf8@0.2.1
116 silly currentTree ├── isarray@0.0.1
116 silly currentTree ├── isexe@1.1.2
116 silly currentTree ├── isstream@0.1.2
116 silly currentTree ├── js-base64@2.1.9
116 silly currentTree ├── json-stringify-safe@5.0.1
116 silly currentTree ├── json3@3.2.6
116 silly currentTree ├── jsonpointer@2.0.0
116 silly currentTree ├── lcid@1.0.0
116 silly currentTree ├─┬ liftoff@2.2.0
116 silly currentTree │ └── extend@2.0.1
116 silly currentTree ├─┬ load-json-file@1.1.0
116 silly currentTree │ └── graceful-fs@4.1.3
116 silly currentTree ├── localtunnel@1.8.1
116 silly currentTree ├── lodash._basecopy@3.0.1
116 silly currentTree ├── lodash._basetostring@3.0.1
116 silly currentTree ├── lodash._basevalues@3.0.0
116 silly currentTree ├── lodash._getnative@3.9.1
116 silly currentTree ├── lodash._isiterateecall@3.0.9
116 silly currentTree ├── lodash._reescape@3.0.0
116 silly currentTree ├── lodash._reevaluate@3.0.0
116 silly currentTree ├── lodash._reinterpolate@3.0.0
116 silly currentTree ├── lodash._root@3.0.1
116 silly currentTree ├── lodash.escape@3.2.0
116 silly currentTree ├── lodash.isarguments@3.0.8
116 silly currentTree ├── lodash.isarray@3.0.4
116 silly currentTree ├── lodash.keys@3.1.2
116 silly currentTree ├── lodash.pad@4.1.0
116 silly currentTree ├── lodash.padend@4.2.0
116 silly currentTree ├── lodash.padstart@4.2.0
116 silly currentTree ├── lodash.repeat@4.0.0
116 silly currentTree ├── lodash.restparam@3.6.1
116 silly currentTree ├── lodash.template@3.6.2
116 silly currentTree ├── lodash.templatesettings@3.1.1
116 silly currentTree ├── lodash.tostring@4.1.2
116 silly currentTree ├── lodash@2.4.2
116 silly currentTree ├── loud-rejection@1.3.0
116 silly currentTree ├── lru-cache@2.7.3
116 silly currentTree ├── map-obj@1.0.1
116 silly currentTree ├── meow@2.1.0
116 silly currentTree ├── mime-db@1.22.0
116 silly currentTree ├── mime-types@2.1.10
116 silly currentTree ├── mime@1.3.4
116 silly currentTree ├── minimatch@2.0.10
116 silly currentTree ├── minimist@1.2.0
116 silly currentTree ├─┬ mkdirp@0.5.1
116 silly currentTree │ └── minimist@0.0.8
116 silly currentTree ├── ms@0.7.1
116 silly currentTree ├── multipipe@0.1.2
116 silly currentTree ├── nan@2.2.0
116 silly currentTree ├── negotiator@0.5.3
116 silly currentTree ├─┬ node-gyp@3.3.1
116 silly currentTree │ ├── graceful-fs@4.1.3
116 silly currentTree │ └── minimatch@1.0.0
116 silly currentTree ├─┬ node-sass@3.4.2
116 silly currentTree │ ├── ansi-regex@2.0.0
116 silly currentTree │ ├── ansi-styles@2.2.0
116 silly currentTree │ ├── camelcase-keys@2.0.0
116 silly currentTree │ ├── camelcase@2.1.0
116 silly currentTree │ ├── chalk@1.1.1
116 silly currentTree │ ├── glob@5.0.15
116 silly currentTree │ ├── has-ansi@2.0.0
116 silly currentTree │ ├── inherits@2.0.1
116 silly currentTree │ ├── meow@3.7.0
116 silly currentTree │ ├── object-assign@4.0.1
116 silly currentTree │ ├── strip-ansi@3.0.1
116 silly currentTree │ └── supports-color@2.0.0
116 silly currentTree ├── node-uuid@1.4.7
116 silly currentTree ├── nopt@3.0.6
116 silly currentTree ├── normalize-package-data@2.3.5
116 silly currentTree ├─┬ npmconf@2.1.2
116 silly currentTree │ └── inherits@2.0.1
116 silly currentTree ├── npmlog@2.0.2
116 silly currentTree ├── number-is-nan@1.0.0
116 silly currentTree ├── oauth-sign@0.8.1
116 silly currentTree ├── object-assign@2.1.1
116 silly currentTree ├── object-component@0.0.3
116 silly currentTree ├── object-path@0.8.1
116 silly currentTree ├── on-finished@2.3.0
116 silly currentTree ├── once@1.3.3
116 silly currentTree ├── openurl@1.1.0
116 silly currentTree ├── opn@1.0.2
116 silly currentTree ├─┬ opt-merger@1.1.1
116 silly currentTree │ └── lodash@3.10.1
116 silly currentTree ├── options@0.0.6
116 silly currentTree ├── orchestrator@0.3.7
116 silly currentTree ├── ordered-read-streams@0.1.0
116 silly currentTree ├── os-homedir@1.0.1
116 silly currentTree ├── os-locale@1.4.0
116 silly currentTree ├── os-shim@0.1.3
116 silly currentTree ├── os-tmpdir@1.0.1
116 silly currentTree ├── osenv@0.1.3
116 silly currentTree ├── parse-json@2.2.0
116 silly currentTree ├── parsejson@0.0.1
116 silly currentTree ├── parseqs@0.0.2
116 silly currentTree ├── parseuri@0.0.4
116 silly currentTree ├── parseurl@1.3.1
116 silly currentTree ├── path-array@1.0.1
116 silly currentTree ├── path-exists@2.1.0
116 silly currentTree ├── path-is-absolute@1.0.0
116 silly currentTree ├─┬ path-type@1.1.0
116 silly currentTree │ └── graceful-fs@4.1.3
116 silly currentTree ├── pify@2.3.0
116 silly currentTree ├── pinkie-promise@2.0.0
116 silly currentTree ├── pinkie@2.0.4
116 silly currentTree ├── portscanner-plus@0.2.1
116 silly currentTree ├─┬ portscanner@1.0.0
116 silly currentTree │ └── async@0.1.15
116 silly currentTree ├── postcss@2.2.6
116 silly currentTree ├── pretty-hrtime@1.0.2
116 silly currentTree ├── process-nextick-args@1.0.6
116 silly currentTree ├── proto-list@1.2.4
116 silly currentTree ├── pseudomap@1.0.2
116 silly currentTree ├── q@1.4.1
116 silly currentTree ├── qs@5.2.0
116 silly currentTree ├── range-parser@1.0.3
116 silly currentTree ├── read-pkg-up@1.0.1
116 silly currentTree ├── read-pkg@1.1.0
116 silly currentTree ├─┬ readable-stream@2.0.5
116 silly currentTree │ └── inherits@2.0.1
116 silly currentTree ├── rechoir@0.6.2
116 silly currentTree ├─┬ redent@1.0.0
116 silly currentTree │ ├── indent-string@2.1.0
116 silly currentTree │ └── repeating@2.0.0
116 silly currentTree ├── repeating@1.1.3
116 silly currentTree ├── replace-ext@0.0.1
116 silly currentTree ├── request@2.65.0
116 silly currentTree ├── requires-port@1.0.0
116 silly currentTree ├── resolve@1.1.7
116 silly currentTree ├── resp-modifier@1.0.2
116 silly currentTree ├─┬ rimraf@2.5.2
116 silly currentTree │ ├── glob@7.0.3
116 silly currentTree │ └── inherits@2.0.1
116 silly currentTree ├─┬ sass-graph@2.1.1
116 silly currentTree │ ├── glob@6.0.4
116 silly currentTree │ ├── inherits@2.0.1
116 silly currentTree │ └── lodash@4.6.1
116 silly currentTree ├── semver@4.3.6
116 silly currentTree ├── send@0.13.1
116 silly currentTree ├── sequencify@0.0.7
116 silly currentTree ├── serve-index@1.7.3
116 silly currentTree ├── serve-static@1.10.2
116 silly currentTree ├── sigmund@1.0.1
116 silly currentTree ├── signal-exit@2.1.2
116 silly currentTree ├── sntp@1.0.9
116 silly currentTree ├─┬ socket.io-adapter@0.4.0
116 silly currentTree │ └─┬ socket.io-parser@2.2.2
116 silly currentTree │   └── debug@0.7.4
116 silly currentTree ├─┬ socket.io-client@1.4.5
116 silly currentTree │ └── component-emitter@1.2.0
116 silly currentTree ├─┬ socket.io-parser@2.2.6
116 silly currentTree │ └── json3@3.3.2
116 silly currentTree ├── socket.io@1.4.5
116 silly currentTree ├── source-map@0.1.43
116 silly currentTree ├── sparkles@1.0.0
116 silly currentTree ├── spawn-sync@1.0.15
116 silly currentTree ├── spdx-correct@1.0.2
116 silly currentTree ├── spdx-exceptions@1.0.4
116 silly currentTree ├── spdx-expression-parse@1.0.2
116 silly currentTree ├── spdx-license-ids@1.2.0
116 silly currentTree ├── statuses@1.2.1
116 silly currentTree ├── stream-consume@0.1.0
116 silly currentTree ├── string_decoder@0.10.31
116 silly currentTree ├─┬ string-width@1.0.1
116 silly currentTree │ ├── ansi-regex@2.0.0
116 silly currentTree │ └── strip-ansi@3.0.1
116 silly currentTree ├── stringstream@0.0.5
116 silly currentTree ├── strip-ansi@0.3.0
116 silly currentTree ├── strip-bom@2.0.0
116 silly currentTree ├── strip-indent@1.0.1
116 silly currentTree ├── supports-color@0.2.0
116 silly currentTree ├─┬ tar@2.2.1
116 silly currentTree │ └── inherits@2.0.1
116 silly currentTree ├─┬ tfunk@3.0.1
116 silly currentTree │ └── object-path@0.9.2
116 silly currentTree ├── through2@2.0.1
116 silly currentTree ├── tildify@1.1.2
116 silly currentTree ├── time-stamp@1.0.0
116 silly currentTree ├── to-array@0.1.4
116 silly currentTree ├── tough-cookie@2.2.1
116 silly currentTree ├── trim-newlines@1.0.0
116 silly currentTree ├── tunnel-agent@0.4.2
116 silly currentTree ├── typedarray@0.0.6
116 silly currentTree ├── ua-parser-js@0.7.10
116 silly currentTree ├── uid-number@0.0.5
116 silly currentTree ├── ultron@1.0.2
116 silly currentTree ├── unique-stream@1.0.0
116 silly currentTree ├── unpipe@1.0.0
116 silly currentTree ├── user-home@1.1.1
116 silly currentTree ├── utf8@2.1.0
116 silly currentTree ├── util-deprecate@1.0.2
116 silly currentTree ├── utils-merge@1.0.0
116 silly currentTree ├── v8flags@2.0.11
116 silly currentTree ├── validate-npm-package-license@3.0.1
116 silly currentTree ├─┬ vinyl-fs@0.3.14
116 silly currentTree │ ├── clone@0.2.0
116 silly currentTree │ ├── glob-watcher@0.0.6
116 silly currentTree │ ├── graceful-fs@3.0.8
116 silly currentTree │ ├── inherits@2.0.1
116 silly currentTree │ ├── readable-stream@1.0.33
116 silly currentTree │ ├── strip-bom@1.0.0
116 silly currentTree │ ├── through2@0.6.5
116 silly currentTree │ └── vinyl@0.4.6
116 silly currentTree ├── vinyl-sourcemaps-apply@0.1.4
116 silly currentTree ├── vinyl@0.5.3
116 silly currentTree ├── which@1.2.4
116 silly currentTree ├── window-size@0.1.4
116 silly currentTree ├── wrap-ansi@1.0.0
116 silly currentTree ├── wrappy@1.0.1
116 silly currentTree ├── ws@1.0.1
116 silly currentTree ├── xmlhttprequest-ssl@1.5.1
116 silly currentTree ├── xtend@4.0.1
116 silly currentTree ├── y18n@3.2.0
116 silly currentTree ├── yallist@2.0.0
116 silly currentTree ├── yargs@3.29.0
116 silly currentTree └── yeast@0.1.2
117 silly idealTree browser-sync-jekyll@0.0.0
117 silly idealTree ├── abbrev@1.0.7
117 silly idealTree ├── accepts@1.2.13
117 silly idealTree ├── after@0.8.1
117 silly idealTree ├── amdefine@1.0.0
117 silly idealTree ├── angular-markdown-filter@1.3.2
117 silly idealTree ├── ansi-regex@0.2.1
117 silly idealTree ├── ansi-styles@1.1.0
117 silly idealTree ├── ansi@0.3.1
117 silly idealTree ├── archy@1.0.0
117 silly idealTree ├── are-we-there-yet@1.0.6
117 silly idealTree ├── array-differ@1.0.0
117 silly idealTree ├── array-find-index@1.0.1
117 silly idealTree ├── array-index@1.0.0
117 silly idealTree ├── array-uniq@1.0.2
117 silly idealTree ├── arraybuffer.slice@0.0.6
117 silly idealTree ├── asn1@0.1.11
117 silly idealTree ├── assert-plus@0.1.5
117 silly idealTree ├── async-foreach@0.1.3
117 silly idealTree ├── async@1.5.2
117 silly idealTree ├── autoprefixer-core@3.1.2
117 silly idealTree ├── aws-sign2@0.6.0
117 silly idealTree ├── backo2@1.0.2
117 silly idealTree ├── balanced-match@0.3.0
117 silly idealTree ├── base64-arraybuffer@0.1.2
117 silly idealTree ├── base64id@0.1.0
117 silly idealTree ├── batch@0.5.3
117 silly idealTree ├── beeper@1.1.0
117 silly idealTree ├── benchmark@1.0.0
117 silly idealTree ├── better-assert@1.0.2
117 silly idealTree ├── bl@1.0.3
117 silly idealTree ├── blob@0.0.4
117 silly idealTree ├─┬ block-stream@0.0.8
117 silly idealTree │ └── inherits@2.0.1
117 silly idealTree ├── boom@2.10.1
117 silly idealTree ├── brace-expansion@1.1.3
117 silly idealTree ├── browser-sync-client@1.0.2
117 silly idealTree ├── browser-sync@1.9.2
117 silly idealTree ├── builtin-modules@1.1.1
117 silly idealTree ├── callsite@1.0.0
117 silly idealTree ├── camelcase-keys@1.0.0
117 silly idealTree ├── camelcase@1.2.1
117 silly idealTree ├── caniuse-db@1.0.30000418
117 silly idealTree ├── caseless@0.11.0
117 silly idealTree ├── chalk@0.5.1
117 silly idealTree ├─┬ cliui@3.1.0
117 silly idealTree │ ├── ansi-regex@2.0.0
117 silly idealTree │ └── strip-ansi@3.0.1
117 silly idealTree ├── clone-stats@0.0.1
117 silly idealTree ├── clone@1.0.2
117 silly idealTree ├── code-point-at@1.0.0
117 silly idealTree ├── color-convert@1.0.0
117 silly idealTree ├── combined-stream@1.0.5
117 silly idealTree ├── commander@2.9.0
117 silly idealTree ├── component-bind@1.0.0
117 silly idealTree ├── component-emitter@1.1.2
117 silly idealTree ├── component-inherit@0.0.3
117 silly idealTree ├── concat-map@0.0.1
117 silly idealTree ├─┬ concat-stream@1.5.1
117 silly idealTree │ └── inherits@2.0.1
117 silly idealTree ├── config-chain@1.1.10
117 silly idealTree ├── connect@3.4.1
117 silly idealTree ├── cookie@0.1.5
117 silly idealTree ├── core-util-is@1.0.2
117 silly idealTree ├─┬ cross-spawn-async@2.1.9
117 silly idealTree │ └── lru-cache@4.0.0
117 silly idealTree ├── cross-spawn@2.1.5
117 silly idealTree ├── cryptiles@2.0.5
117 silly idealTree ├── ctype@0.5.3
117 silly idealTree ├── d@0.1.1
117 silly idealTree ├─┬ dateformat@1.0.12
117 silly idealTree │ ├── camelcase-keys@2.0.0
117 silly idealTree │ ├── camelcase@2.1.0
117 silly idealTree │ ├── meow@3.7.0
117 silly idealTree │ └── object-assign@4.0.1
117 silly idealTree ├── debug@2.2.0
117 silly idealTree ├── decamelize@1.2.0
117 silly idealTree ├── defaults@1.0.3
117 silly idealTree ├── delayed-stream@1.0.0
117 silly idealTree ├── delegates@1.0.0
117 silly idealTree ├── depd@1.1.0
117 silly idealTree ├── deprecated@0.0.1
117 silly idealTree ├── destroy@1.0.4
117 silly idealTree ├─┬ dev-ip@0.1.7
117 silly idealTree │ └── lodash@2.2.1
117 silly idealTree ├─┬ duplexer2@0.0.2
117 silly idealTree │ ├── inherits@2.0.1
117 silly idealTree │ └── readable-stream@1.1.13
117 silly idealTree ├─┬ easy-extender@2.3.2
117 silly idealTree │ └── lodash@3.10.1
117 silly idealTree ├─┬ eazy-logger@2.1.2
117 silly idealTree │ └── lodash@3.10.1
117 silly idealTree ├── ee-first@1.1.1
117 silly idealTree ├── emitter-steward@0.0.1
117 silly idealTree ├── end-of-stream@0.1.5
117 silly idealTree ├── engine.io-client@1.6.8
117 silly idealTree ├─┬ engine.io-parser@1.2.4
117 silly idealTree │ └── has-binary@0.1.6
117 silly idealTree ├─┬ engine.io@1.6.8
117 silly idealTree │ ├── accepts@1.1.4
117 silly idealTree │ ├── mime-db@1.12.0
117 silly idealTree │ ├── mime-types@2.0.14
117 silly idealTree │ └── negotiator@0.4.9
117 silly idealTree ├── error-ex@1.3.0
117 silly idealTree ├── es5-ext@0.10.11
117 silly idealTree ├── es6-iterator@2.0.0
117 silly idealTree ├── es6-symbol@3.0.2
117 silly idealTree ├── escape-html@1.0.3
117 silly idealTree ├── escape-string-regexp@1.0.5
117 silly idealTree ├── etag@1.7.0
117 silly idealTree ├── eventemitter3@1.1.1
117 silly idealTree ├── extend@3.0.0
117 silly idealTree ├─┬ fancy-log@1.2.0
117 silly idealTree │ ├── ansi-regex@2.0.0
117 silly idealTree │ ├── ansi-styles@2.2.0
117 silly idealTree │ ├── chalk@1.1.1
117 silly idealTree │ ├── has-ansi@2.0.0
117 silly idealTree │ ├── strip-ansi@3.0.1
117 silly idealTree │ └── supports-color@2.0.0
117 silly idealTree ├── finalhandler@0.4.1
117 silly idealTree ├── find-index@0.1.1
117 silly idealTree ├── find-up@1.1.1
117 silly idealTree ├─┬ findup-sync@0.3.0
117 silly idealTree │ ├── glob@5.0.15
117 silly idealTree │ └── inherits@2.0.1
117 silly idealTree ├── first-chunk-stream@1.0.0
117 silly idealTree ├── flagged-respawn@0.3.1
117 silly idealTree ├── forever-agent@0.6.1
117 silly idealTree ├── form-data@1.0.0-rc3
117 silly idealTree ├─┬ foxy@7.1.0
117 silly idealTree │ └── dev-ip@1.0.1
117 silly idealTree ├── fresh@0.3.0
117 silly idealTree ├─┬ fstream@1.0.8
117 silly idealTree │ ├── graceful-fs@4.1.3
117 silly idealTree │ └── inherits@2.0.1
117 silly idealTree ├── gauge@1.2.7
117 silly idealTree ├── gaze@0.5.2
117 silly idealTree ├── generate-function@2.0.0
117 silly idealTree ├── generate-object-property@1.2.0
117 silly idealTree ├── get-stdin@4.0.1
117 silly idealTree ├─┬ glob-stream@3.1.18
117 silly idealTree │ ├── glob@4.5.3
117 silly idealTree │ ├── inherits@2.0.1
117 silly idealTree │ ├── readable-stream@1.0.33
117 silly idealTree │ └── through2@0.6.5
117 silly idealTree ├── glob-watcher@0.0.7
117 silly idealTree ├─┬ glob@3.1.21
117 silly idealTree │ └── minimatch@0.2.14
117 silly idealTree ├── glob2base@0.0.12
117 silly idealTree ├─┬ globule@0.1.0
117 silly idealTree │ ├── lodash@1.0.2
117 silly idealTree │ └── minimatch@0.2.14
117 silly idealTree ├── glogg@1.0.0
117 silly idealTree ├── graceful-fs@1.2.3
117 silly idealTree ├── graceful-readlink@1.0.1
117 silly idealTree ├─┬ gulp-autoprefixer@1.0.0
117 silly idealTree │ ├── inherits@2.0.1
117 silly idealTree │ ├── object-assign@1.0.0
117 silly idealTree │ ├── readable-stream@1.0.33
117 silly idealTree │ └── through2@0.6.5
117 silly idealTree ├─┬ gulp-sass@2.2.0
117 silly idealTree │ ├── object-assign@4.0.1
117 silly idealTree │ ├── source-map@0.5.3
117 silly idealTree │ └── vinyl-sourcemaps-apply@0.2.1
117 silly idealTree ├─┬ gulp-util@3.0.7
117 silly idealTree │ ├── ansi-regex@2.0.0
117 silly idealTree │ ├── ansi-styles@2.2.0
117 silly idealTree │ ├── chalk@1.1.1
117 silly idealTree │ ├── has-ansi@2.0.0
117 silly idealTree │ ├── object-assign@3.0.0
117 silly idealTree │ ├── strip-ansi@3.0.1
117 silly idealTree │ └── supports-color@2.0.0
117 silly idealTree ├─┬ gulp@3.9.1
117 silly idealTree │ ├── ansi-regex@2.0.0
117 silly idealTree │ ├── ansi-styles@2.2.0
117 silly idealTree │ ├── chalk@1.1.1
117 silly idealTree │ ├── has-ansi@2.0.0
117 silly idealTree │ ├── strip-ansi@3.0.1
117 silly idealTree │ └── supports-color@2.0.0
117 silly idealTree ├── gulplog@1.0.0
117 silly idealTree ├─┬ har-validator@2.0.6
117 silly idealTree │ ├── ansi-regex@2.0.0
117 silly idealTree │ ├── ansi-styles@2.2.0
117 silly idealTree │ ├── chalk@1.1.1
117 silly idealTree │ ├── has-ansi@2.0.0
117 silly idealTree │ ├── strip-ansi@3.0.1
117 silly idealTree │ └── supports-color@2.0.0
117 silly idealTree ├── has-ansi@0.1.0
117 silly idealTree ├── has-binary@0.1.7
117 silly idealTree ├── has-cors@1.1.0
117 silly idealTree ├── has-gulplog@0.1.0
117 silly idealTree ├── has-unicode@2.0.0
117 silly idealTree ├── hawk@3.1.3
117 silly idealTree ├── hoek@2.16.3
117 silly idealTree ├── hosted-git-info@2.1.4
117 silly idealTree ├─┬ http-errors@1.3.1
117 silly idealTree │ └── inherits@2.0.1
117 silly idealTree ├── http-proxy@1.13.2
117 silly idealTree ├── http-signature@0.11.0
117 silly idealTree ├── immutable@3.7.6
117 silly idealTree ├── indent-string@1.2.2
117 silly idealTree ├── indexof@0.0.1
117 silly idealTree ├── inflight@1.0.4
117 silly idealTree ├── inherits@1.0.2
117 silly idealTree ├── ini@1.3.4
117 silly idealTree ├── interpret@1.0.0
117 silly idealTree ├── invert-kv@1.0.0
117 silly idealTree ├── is-absolute@0.1.7
117 silly idealTree ├── is-arrayish@0.2.1
117 silly idealTree ├── is-builtin-module@1.0.0
117 silly idealTree ├── is-finite@1.0.1
117 silly idealTree ├── is-fullwidth-code-point@1.0.0
117 silly idealTree ├── is-my-json-valid@2.13.1
117 silly idealTree ├── is-property@1.0.2
117 silly idealTree ├── is-relative@0.1.3
117 silly idealTree ├── is-utf8@0.2.1
117 silly idealTree ├── isarray@0.0.1
117 silly idealTree ├── isexe@1.1.2
117 silly idealTree ├── isstream@0.1.2
117 silly idealTree ├── js-base64@2.1.9
117 silly idealTree ├── json-stringify-safe@5.0.1
117 silly idealTree ├── json3@3.2.6
117 silly idealTree ├── jsonpointer@2.0.0
117 silly idealTree ├── lcid@1.0.0
117 silly idealTree ├─┬ liftoff@2.2.0
117 silly idealTree │ └── extend@2.0.1
117 silly idealTree ├─┬ load-json-file@1.1.0
117 silly idealTree │ └── graceful-fs@4.1.3
117 silly idealTree ├── localtunnel@1.8.1
117 silly idealTree ├── lodash._basecopy@3.0.1
117 silly idealTree ├── lodash._basetostring@3.0.1
117 silly idealTree ├── lodash._basevalues@3.0.0
117 silly idealTree ├── lodash._getnative@3.9.1
117 silly idealTree ├── lodash._isiterateecall@3.0.9
117 silly idealTree ├── lodash._reescape@3.0.0
117 silly idealTree ├── lodash._reevaluate@3.0.0
117 silly idealTree ├── lodash._reinterpolate@3.0.0
117 silly idealTree ├── lodash._root@3.0.1
117 silly idealTree ├── lodash.escape@3.2.0
117 silly idealTree ├── lodash.isarguments@3.0.8
117 silly idealTree ├── lodash.isarray@3.0.4
117 silly idealTree ├── lodash.keys@3.1.2
117 silly idealTree ├── lodash.pad@4.1.0
117 silly idealTree ├── lodash.padend@4.2.0
117 silly idealTree ├── lodash.padstart@4.2.0
117 silly idealTree ├── lodash.repeat@4.0.0
117 silly idealTree ├── lodash.restparam@3.6.1
117 silly idealTree ├── lodash.template@3.6.2
117 silly idealTree ├── lodash.templatesettings@3.1.1
117 silly idealTree ├── lodash.tostring@4.1.2
117 silly idealTree ├── lodash@2.4.2
117 silly idealTree ├── loud-rejection@1.3.0
117 silly idealTree ├── lru-cache@2.7.3
117 silly idealTree ├── map-obj@1.0.1
117 silly idealTree ├── meow@2.1.0
117 silly idealTree ├── mime-db@1.22.0
117 silly idealTree ├── mime-types@2.1.10
117 silly idealTree ├── mime@1.3.4
117 silly idealTree ├── minimatch@2.0.10
117 silly idealTree ├── minimist@1.2.0
117 silly idealTree ├─┬ mkdirp@0.5.1
117 silly idealTree │ └── minimist@0.0.8
117 silly idealTree ├── ms@0.7.1
117 silly idealTree ├── multipipe@0.1.2
117 silly idealTree ├── nan@2.2.0
117 silly idealTree ├── negotiator@0.5.3
117 silly idealTree ├─┬ node-gyp@3.3.1
117 silly idealTree │ ├── graceful-fs@4.1.3
117 silly idealTree │ └── minimatch@1.0.0
117 silly idealTree ├─┬ node-sass@3.4.2
117 silly idealTree │ ├── ansi-regex@2.0.0
117 silly idealTree │ ├── ansi-styles@2.2.0
117 silly idealTree │ ├── camelcase-keys@2.0.0
117 silly idealTree │ ├── camelcase@2.1.0
117 silly idealTree │ ├── chalk@1.1.1
117 silly idealTree │ ├── glob@5.0.15
117 silly idealTree │ ├── has-ansi@2.0.0
117 silly idealTree │ ├── inherits@2.0.1
117 silly idealTree │ ├── meow@3.7.0
117 silly idealTree │ ├── object-assign@4.0.1
117 silly idealTree │ ├── strip-ansi@3.0.1
117 silly idealTree │ └── supports-color@2.0.0
117 silly idealTree ├── node-uuid@1.4.7
117 silly idealTree ├── nopt@3.0.6
117 silly idealTree ├── normalize-package-data@2.3.5
117 silly idealTree ├─┬ npmconf@2.1.2
117 silly idealTree │ └── inherits@2.0.1
117 silly idealTree ├── npmlog@2.0.2
117 silly idealTree ├── number-is-nan@1.0.0
117 silly idealTree ├── oauth-sign@0.8.1
117 silly idealTree ├── object-assign@2.1.1
117 silly idealTree ├── object-component@0.0.3
117 silly idealTree ├── object-path@0.8.1
117 silly idealTree ├── on-finished@2.3.0
117 silly idealTree ├── once@1.3.3
117 silly idealTree ├── openurl@1.1.0
117 silly idealTree ├── opn@1.0.2
117 silly idealTree ├─┬ opt-merger@1.1.1
117 silly idealTree │ └── lodash@3.10.1
117 silly idealTree ├── options@0.0.6
117 silly idealTree ├── orchestrator@0.3.7
117 silly idealTree ├── ordered-read-streams@0.1.0
117 silly idealTree ├── os-homedir@1.0.1
117 silly idealTree ├── os-locale@1.4.0
117 silly idealTree ├── os-shim@0.1.3
117 silly idealTree ├── os-tmpdir@1.0.1
117 silly idealTree ├── osenv@0.1.3
117 silly idealTree ├── parse-json@2.2.0
117 silly idealTree ├── parsejson@0.0.1
117 silly idealTree ├── parseqs@0.0.2
117 silly idealTree ├── parseuri@0.0.4
117 silly idealTree ├── parseurl@1.3.1
117 silly idealTree ├── path-array@1.0.1
117 silly idealTree ├── path-exists@2.1.0
117 silly idealTree ├── path-is-absolute@1.0.0
117 silly idealTree ├─┬ path-type@1.1.0
117 silly idealTree │ └── graceful-fs@4.1.3
117 silly idealTree ├── pify@2.3.0
117 silly idealTree ├── pinkie-promise@2.0.0
117 silly idealTree ├── pinkie@2.0.4
117 silly idealTree ├── portscanner-plus@0.2.1
117 silly idealTree ├─┬ portscanner@1.0.0
117 silly idealTree │ └── async@0.1.15
117 silly idealTree ├── postcss@2.2.6
117 silly idealTree ├── pretty-hrtime@1.0.2
117 silly idealTree ├── process-nextick-args@1.0.6
117 silly idealTree ├── proto-list@1.2.4
117 silly idealTree ├── pseudomap@1.0.2
117 silly idealTree ├── q@1.4.1
117 silly idealTree ├── qs@5.2.0
117 silly idealTree ├── range-parser@1.0.3
117 silly idealTree ├── read-pkg-up@1.0.1
117 silly idealTree ├── read-pkg@1.1.0
117 silly idealTree ├─┬ readable-stream@2.0.5
117 silly idealTree │ └── inherits@2.0.1
117 silly idealTree ├── rechoir@0.6.2
117 silly idealTree ├─┬ redent@1.0.0
117 silly idealTree │ ├── indent-string@2.1.0
117 silly idealTree │ └── repeating@2.0.0
117 silly idealTree ├── repeating@1.1.3
117 silly idealTree ├── replace-ext@0.0.1
117 silly idealTree ├── request@2.65.0
117 silly idealTree ├── requires-port@1.0.0
117 silly idealTree ├── resolve@1.1.7
117 silly idealTree ├── resp-modifier@1.0.2
117 silly idealTree ├─┬ rimraf@2.5.2
117 silly idealTree │ ├── glob@7.0.3
117 silly idealTree │ └── inherits@2.0.1
117 silly idealTree ├─┬ sass-graph@2.1.1
117 silly idealTree │ ├── glob@6.0.4
117 silly idealTree │ ├── inherits@2.0.1
117 silly idealTree │ └── lodash@4.6.1
117 silly idealTree ├── semver@4.3.6
117 silly idealTree ├── send@0.13.1
117 silly idealTree ├── sequencify@0.0.7
117 silly idealTree ├── serve-index@1.7.3
117 silly idealTree ├── serve-static@1.10.2
117 silly idealTree ├── showdown@1.3.0
117 silly idealTree ├── sigmund@1.0.1
117 silly idealTree ├── signal-exit@2.1.2
117 silly idealTree ├── sntp@1.0.9
117 silly idealTree ├─┬ socket.io-adapter@0.4.0
117 silly idealTree │ └─┬ socket.io-parser@2.2.2
117 silly idealTree │   └── debug@0.7.4
117 silly idealTree ├─┬ socket.io-client@1.4.5
117 silly idealTree │ └── component-emitter@1.2.0
117 silly idealTree ├─┬ socket.io-parser@2.2.6
117 silly idealTree │ └── json3@3.3.2
117 silly idealTree ├── socket.io@1.4.5
117 silly idealTree ├── source-map@0.1.43
117 silly idealTree ├── sparkles@1.0.0
117 silly idealTree ├── spawn-sync@1.0.15
117 silly idealTree ├── spdx-correct@1.0.2
117 silly idealTree ├── spdx-exceptions@1.0.4
117 silly idealTree ├── spdx-expression-parse@1.0.2
117 silly idealTree ├── spdx-license-ids@1.2.0
117 silly idealTree ├── statuses@1.2.1
117 silly idealTree ├── stream-consume@0.1.0
117 silly idealTree ├── string_decoder@0.10.31
117 silly idealTree ├─┬ string-width@1.0.1
117 silly idealTree │ ├── ansi-regex@2.0.0
117 silly idealTree │ └── strip-ansi@3.0.1
117 silly idealTree ├── stringstream@0.0.5
117 silly idealTree ├── strip-ansi@0.3.0
117 silly idealTree ├── strip-bom@2.0.0
117 silly idealTree ├── strip-indent@1.0.1
117 silly idealTree ├── supports-color@0.2.0
117 silly idealTree ├─┬ tar@2.2.1
117 silly idealTree │ └── inherits@2.0.1
117 silly idealTree ├─┬ tfunk@3.0.1
117 silly idealTree │ └── object-path@0.9.2
117 silly idealTree ├── through2@2.0.1
117 silly idealTree ├── tildify@1.1.2
117 silly idealTree ├── time-stamp@1.0.0
117 silly idealTree ├── to-array@0.1.4
117 silly idealTree ├── tough-cookie@2.2.1
117 silly idealTree ├── trim-newlines@1.0.0
117 silly idealTree ├── tunnel-agent@0.4.2
117 silly idealTree ├── typedarray@0.0.6
117 silly idealTree ├── ua-parser-js@0.7.10
117 silly idealTree ├── uid-number@0.0.5
117 silly idealTree ├── ultron@1.0.2
117 silly idealTree ├── unique-stream@1.0.0
117 silly idealTree ├── unpipe@1.0.0
117 silly idealTree ├── user-home@1.1.1
117 silly idealTree ├── utf8@2.1.0
117 silly idealTree ├── util-deprecate@1.0.2
117 silly idealTree ├── utils-merge@1.0.0
117 silly idealTree ├── v8flags@2.0.11
117 silly idealTree ├── validate-npm-package-license@3.0.1
117 silly idealTree ├─┬ vinyl-fs@0.3.14
117 silly idealTree │ ├── clone@0.2.0
117 silly idealTree │ ├── glob-watcher@0.0.6
117 silly idealTree │ ├── graceful-fs@3.0.8
117 silly idealTree │ ├── inherits@2.0.1
117 silly idealTree │ ├── readable-stream@1.0.33
117 silly idealTree │ ├── strip-bom@1.0.0
117 silly idealTree │ ├── through2@0.6.5
117 silly idealTree │ └── vinyl@0.4.6
117 silly idealTree ├── vinyl-sourcemaps-apply@0.1.4
117 silly idealTree ├── vinyl@0.5.3
117 silly idealTree ├── which@1.2.4
117 silly idealTree ├── window-size@0.1.4
117 silly idealTree ├── wrap-ansi@1.0.0
117 silly idealTree ├── wrappy@1.0.1
117 silly idealTree ├── ws@1.0.1
117 silly idealTree ├── xmlhttprequest-ssl@1.5.1
117 silly idealTree ├── xtend@4.0.1
117 silly idealTree ├── y18n@3.2.0
117 silly idealTree ├── yallist@2.0.0
117 silly idealTree ├── yargs@3.29.0
117 silly idealTree └── yeast@0.1.2
118 silly generateActionsToTake Starting
119 silly install generateActionsToTake
120 warn checkPermissions Missing write access to /Users/christian/Desktop/ChrisTheButcher.github.io/node_modules
121 silly rollbackFailedOptional Starting
122 silly rollbackFailedOptional Finishing
123 silly runTopLevelLifecycles Starting
124 silly runTopLevelLifecycles Finishing
125 silly install printInstalled
126 verbose stack Error: EACCES: permission denied, access '/Users/christian/Desktop/ChrisTheButcher.github.io/node_modules'
126 verbose stack     at Error (native)
127 verbose cwd /Users/christian/Desktop/ChrisTheButcher.github.io
128 error Darwin 15.0.0
129 error argv "/usr/local/bin/node" "/usr/local/bin/npm" "install" "angular-markdown-filter" "-D"
130 error node v5.1.0
131 error npm  v3.3.12
132 error path /Users/christian/Desktop/ChrisTheButcher.github.io/node_modules
133 error code EACCES
134 error errno -13
135 error syscall access
136 error Error: EACCES: permission denied, access '/Users/christian/Desktop/ChrisTheButcher.github.io/node_modules'
136 error     at Error (native)
136 error  { [Error: EACCES: permission denied, access '/Users/christian/Desktop/ChrisTheButcher.github.io/node_modules']
136 error   errno: -13,
136 error   code: 'EACCES',
136 error   syscall: 'access',
136 error   path: '/Users/christian/Desktop/ChrisTheButcher.github.io/node_modules' }
137 error Please try running this command again as root/Administrator.
138 verbose exit [ -13, true ]
